Using pre-set license
Built from '2020.3/release' branch; Version is '2020.3.7f1 (dd97f2c94397) revision 14522354'; Using compiler version '192528614'; Build Type 'Release'
OS: 'Windows 10 Home; OS build 19042.928; Version 2009; 64bit' Language: 'de' Physical Memory: 65291 MB
BatchMode: 1, IsHumanControllingUs: 0, StartBugReporterOnCrash: 0, Is64bit: 1, IsPro: 0

 COMMAND LINE ARGUMENTS:
C:\Program Files\Unity\Hub\Editor\2020.3.7f1\Editor\Unity.exe
-adb2
-batchMode
-noUpm
-name
AssetImportWorker0
-projectPath
C:/2_Games/FH/PizzaArena/pizza-arena/Pizza Arena
-logFile
Logs/AssetImportWorker0.log
-srvPort
61117
Successfully changed project path to: C:/2_Games/FH/PizzaArena/pizza-arena/Pizza Arena
C:/2_Games/FH/PizzaArena/pizza-arena/Pizza Arena
Using Asset Import Pipeline V2.
Refreshing native plugins compatible for Editor in 16.90 ms, found 0 plugins.
Preloading 0 native plugins for Editor in 0.00 ms.
Initialize engine version: 2020.3.7f1 (dd97f2c94397)
[Subsystems] Discovering subsystems at path C:/Program Files/Unity/Hub/Editor/2020.3.7f1/Editor/Data/Resources/UnitySubsystems
[Subsystems] Discovering subsystems at path C:/2_Games/FH/PizzaArena/pizza-arena/Pizza Arena/Assets
GfxDevice: creating device client; threaded=0
Direct3D:
    Version:  Direct3D 11.0 [level 11.1]
    Renderer: NVIDIA GeForce RTX 2080 Super (ID=0x1e93)
    Vendor:   
    VRAM:     8010 MB
    Driver:   27.21.14.5687
Initialize mono
Mono path[0] = 'C:/Program Files/Unity/Hub/Editor/2020.3.7f1/Editor/Data/Managed'
Mono path[1] = 'C:/Program Files/Unity/Hub/Editor/2020.3.7f1/Editor/Data/MonoBleedingEdge/lib/mono/unityjit'
Mono config path = 'C:/Program Files/Unity/Hub/Editor/2020.3.7f1/Editor/Data/MonoBleedingEdge/etc'
Using monoOptions --debugger-agent=transport=dt_socket,embedding=1,server=y,suspend=n,address=127.0.0.1:56120
Begin MonoManager ReloadAssembly
Registering precompiled unity dll's ...
Register platform support module: C:/Program Files/Unity/Hub/Editor/2020.3.7f1/Editor/Data/PlaybackEngines/WebGLSupport/UnityEditor.WebGL.Extensions.dll
Register platform support module: C:/Program Files/Unity/Hub/Editor/2020.3.7f1/Editor/Data/PlaybackEngines/WindowsStandaloneSupport/UnityEditor.WindowsStandalone.Extensions.dll
Registered in 0.001980 seconds.
Native extension for WindowsStandalone target not found
Native extension for WebGL target not found
Refreshing native plugins compatible for Editor in 17.43 ms, found 0 plugins.
Preloading 0 native plugins for Editor in 0.00 ms.
Mono: successfully reloaded assembly
- Completed reload, in  0.837 seconds
Platform modules already initialized, skipping
Registering precompiled user dll's ...
Registered in 0.000563 seconds.
Begin MonoManager ReloadAssembly
Native extension for WindowsStandalone target not found
Native extension for WebGL target not found
Refreshing native plugins compatible for Editor in 0.17 ms, found 0 plugins.
Preloading 0 native plugins for Editor in 0.00 ms.
Mono: successfully reloaded assembly
- Completed reload, in  0.632 seconds
Platform modules already initialized, skipping
========================================================================
Worker process is ready to serve import requests
Launched and connected shader compiler UnityShaderCompiler.exe after 0.04 seconds
Refreshing native plugins compatible for Editor in 0.21 ms, found 0 plugins.
Preloading 0 native plugins for Editor in 0.00 ms.
Unloading 1115 Unused Serialized files (Serialized files now loaded: 0)
System memory in use before: 57.1 MB.
System memory in use after: 57.1 MB.

Unloading 10 unused Assets to reduce memory usage. Loaded Objects now: 1557.
Total: 1.772500 ms (FindLiveObjects: 0.159100 ms CreateObjectMapping: 0.146900 ms MarkObjects: 1.410000 ms  DeleteObjects: 0.055800 ms)

========================================================================
Received Import Request.
  path: Assets/Scenes
  artifactKey: Guid(dd8f55344d597024b9c82b7d64b48caf) Importer(815301076,1909f56bfc062723c751e8b465ee728b)
Start importing Assets/Scenes using Guid(dd8f55344d597024b9c82b7d64b48caf) Importer(815301076,1909f56bfc062723c751e8b465ee728b)  -> (artifact id: 'bc6d670b76986e4b98a6eab54a53123b') in 0.003470 seconds
  Import took 0.004652 seconds .

========================================================================
Received Import Request.
  Time since last request: 3.559013 seconds.
  path: Assets/Scenes/SampleScene.unity
  artifactKey: Guid(9fc0d4010bbf28b4594072e72b8655ab) Importer(815301076,1909f56bfc062723c751e8b465ee728b)
Start importing Assets/Scenes/SampleScene.unity using Guid(9fc0d4010bbf28b4594072e72b8655ab) Importer(815301076,1909f56bfc062723c751e8b465ee728b)  -> (artifact id: '73375568fee951cd03f03eadad72722f') in 0.007633 seconds
  Import took 0.009112 seconds .

========================================================================
Received Import Request.
  Time since last request: 12.092847 seconds.
  path: Assets/Scenes/PizzaArena.unity
  artifactKey: Guid(9fc0d4010bbf28b4594072e72b8655ab) Importer(815301076,1909f56bfc062723c751e8b465ee728b)
Start importing Assets/Scenes/PizzaArena.unity using Guid(9fc0d4010bbf28b4594072e72b8655ab) Importer(815301076,1909f56bfc062723c751e8b465ee728b)  -> (artifact id: 'd7d8be006c36923c8466448d30971650') in 0.002436 seconds
  Import took 0.004003 seconds .

========================================================================
Received Import Request.
  Time since last request: 2449.834165 seconds.
  path: Assets
  artifactKey: Guid(00000000000000001000000000000000) Importer(815301076,1909f56bfc062723c751e8b465ee728b)
Start importing Assets using Guid(00000000000000001000000000000000) Importer(815301076,1909f56bfc062723c751e8b465ee728b)  -> (artifact id: '5f6a1853b736837ecfb0820a881449cb') in 0.005377 seconds
  Import took 0.007020 seconds .

========================================================================
Received Import Request.
  Time since last request: 11.874134 seconds.
  path: Assets/WorkingArea
  artifactKey: Guid(2e90f86b2c3e56d45831564c08295ec1) Importer(815301076,1909f56bfc062723c751e8b465ee728b)
Start importing Assets/WorkingArea using Guid(2e90f86b2c3e56d45831564c08295ec1) Importer(815301076,1909f56bfc062723c751e8b465ee728b)  -> (artifact id: '528de2d0a619c782b2811554f22be637') in 0.002487 seconds
  Import took 0.003927 seconds .

========================================================================
Received Import Request.
  Time since last request: 6.208465 seconds.
  path: Assets/WorkingArea/Julia
  artifactKey: Guid(6e2dd85ad8b5495499f2bbe7ba5c6203) Importer(815301076,1909f56bfc062723c751e8b465ee728b)
Start importing Assets/WorkingArea/Julia using Guid(6e2dd85ad8b5495499f2bbe7ba5c6203) Importer(815301076,1909f56bfc062723c751e8b465ee728b)  -> (artifact id: 'e1a237d395866bed66f5849a4f96ff11') in 0.005332 seconds
  Import took 0.007626 seconds .

========================================================================
Received Import Request.
  Time since last request: 15.574700 seconds.
  path: Assets/WorkingArea/Lukas
  artifactKey: Guid(f543fc12397b2264182677269702c7e7) Importer(815301076,1909f56bfc062723c751e8b465ee728b)
Start importing Assets/WorkingArea/Lukas using Guid(f543fc12397b2264182677269702c7e7) Importer(815301076,1909f56bfc062723c751e8b465ee728b)  -> (artifact id: '64f0ce3a737d3a81a33a672d4c410184') in 0.005425 seconds
  Import took 0.007342 seconds .

========================================================================
Received Import Request.
  Time since last request: 4.108996 seconds.
  path: Assets/WorkingArea/Daniel
  artifactKey: Guid(d6127a1119063df46baf89c362e6438e) Importer(815301076,1909f56bfc062723c751e8b465ee728b)
Start importing Assets/WorkingArea/Daniel using Guid(d6127a1119063df46baf89c362e6438e) Importer(815301076,1909f56bfc062723c751e8b465ee728b)  -> (artifact id: '91e0714e6c43ff75c2c34d5b73de78ae') in 0.002983 seconds
  Import took 0.004381 seconds .

========================================================================
Received Import Request.
  Time since last request: 18.631228 seconds.
  path: Assets/WorkingArea/Julia/JuliasScene.unity
  artifactKey: Guid(ad3c6885af83e7146914a59be32bc591) Importer(815301076,1909f56bfc062723c751e8b465ee728b)
Start importing Assets/WorkingArea/Julia/JuliasScene.unity using Guid(ad3c6885af83e7146914a59be32bc591) Importer(815301076,1909f56bfc062723c751e8b465ee728b)  -> (artifact id: '6e2da5634a7f744b56da77bd9ea0d4b5') in 0.002948 seconds
  Import took 0.004336 seconds .

========================================================================
Received Import Request.
  Time since last request: 8.829216 seconds.
  path: Assets/WorkingArea/Julia/Scenes
  artifactKey: Guid(1a40a55ccc10a9645864ee9a82a7893b) Importer(815301076,1909f56bfc062723c751e8b465ee728b)
Start importing Assets/WorkingArea/Julia/Scenes using Guid(1a40a55ccc10a9645864ee9a82a7893b) Importer(815301076,1909f56bfc062723c751e8b465ee728b)  -> (artifact id: 'ea95d6774fd84214668b63dde590bd2f') in 0.001862 seconds
  Import took 0.003144 seconds .

========================================================================
Received Import Request.
  Time since last request: 12.090052 seconds.
  path: Assets/WorkingArea/Daniel/Scenes
  artifactKey: Guid(500f0cc1a608ffb458dcb88f762cb039) Importer(815301076,1909f56bfc062723c751e8b465ee728b)
Start importing Assets/WorkingArea/Daniel/Scenes using Guid(500f0cc1a608ffb458dcb88f762cb039) Importer(815301076,1909f56bfc062723c751e8b465ee728b)  -> (artifact id: '7c642ee710026bd87c82d5bf90d6d434') in 0.001649 seconds
  Import took 0.002955 seconds .

========================================================================
Received Import Request.
  Time since last request: 7.362124 seconds.
  path: Assets/WorkingArea/Daniel/Scenes/DanielsScene.unity
  artifactKey: Guid(5667f6390ee95b54bb962fb5a9807a54) Importer(815301076,1909f56bfc062723c751e8b465ee728b)
Start importing Assets/WorkingArea/Daniel/Scenes/DanielsScene.unity using Guid(5667f6390ee95b54bb962fb5a9807a54) Importer(815301076,1909f56bfc062723c751e8b465ee728b)  -> (artifact id: '39a0e3a01dd726fb16bba695db6550a0') in 0.002484 seconds
  Import took 0.003828 seconds .

========================================================================
Received Import Request.
  Time since last request: 5.984406 seconds.
  path: Assets/WorkingArea/Lukas/Scenes
  artifactKey: Guid(2039cd6c4282e084f8a6dd6b7864df94) Importer(815301076,1909f56bfc062723c751e8b465ee728b)
Start importing Assets/WorkingArea/Lukas/Scenes using Guid(2039cd6c4282e084f8a6dd6b7864df94) Importer(815301076,1909f56bfc062723c751e8b465ee728b)  -> (artifact id: '58a7c0c53bdffbff038115c7b967738f') in 0.001856 seconds
  Import took 0.003223 seconds .

========================================================================
Received Import Request.
  Time since last request: 8.019742 seconds.
  path: Assets/WorkingArea/Lukas/Scenes/LukasScene.unity
  artifactKey: Guid(445a885a90dd78a4ea008cd2e8fecf5e) Importer(815301076,1909f56bfc062723c751e8b465ee728b)
Start importing Assets/WorkingArea/Lukas/Scenes/LukasScene.unity using Guid(445a885a90dd78a4ea008cd2e8fecf5e) Importer(815301076,1909f56bfc062723c751e8b465ee728b)  -> (artifact id: 'ebd049fe6a70dcdaf753b62188f53672') in 0.003622 seconds
  Import took 0.005463 seconds .

========================================================================
Received Import Request.
  Time since last request: 15.132548 seconds.
  path: Assets/Sound
  artifactKey: Guid(75e41e40bce7ba24eaee4b4e21af6fc9) Importer(815301076,1909f56bfc062723c751e8b465ee728b)
Start importing Assets/Sound using Guid(75e41e40bce7ba24eaee4b4e21af6fc9) Importer(815301076,1909f56bfc062723c751e8b465ee728b)  -> (artifact id: '2108768cb9c50e6ff444331dd1fe116e') in 0.002342 seconds
  Import took 0.003928 seconds .

========================================================================
Received Import Request.
  Time since last request: 4.967078 seconds.
  path: Assets/Assets
  artifactKey: Guid(688d4995dae27184c8393ce5a518e2df) Importer(815301076,1909f56bfc062723c751e8b465ee728b)
Start importing Assets/Assets using Guid(688d4995dae27184c8393ce5a518e2df) Importer(815301076,1909f56bfc062723c751e8b465ee728b)  -> (artifact id: 'bb53f6b3569208fb818253f2b1fb57fa') in 0.002300 seconds
  Import took 0.003736 seconds .

========================================================================
Received Import Request.
  Time since last request: 12.097874 seconds.
  path: Assets/Prefabs
  artifactKey: Guid(9ee49e32ccd5842459b33ac446b57e36) Importer(815301076,1909f56bfc062723c751e8b465ee728b)
Start importing Assets/Prefabs using Guid(9ee49e32ccd5842459b33ac446b57e36) Importer(815301076,1909f56bfc062723c751e8b465ee728b)  -> (artifact id: '34ec88e319504a7867e2e2e7bd3db0b7') in 0.002722 seconds
  Import took 0.004028 seconds .

========================================================================
Received Import Request.
  Time since last request: 7.595151 seconds.
  path: Assets/Prefabs/Characters
  artifactKey: Guid(41381bcd66dc8ab41b29a840ff5f0c84) Importer(815301076,1909f56bfc062723c751e8b465ee728b)
Start importing Assets/Prefabs/Characters using Guid(41381bcd66dc8ab41b29a840ff5f0c84) Importer(815301076,1909f56bfc062723c751e8b465ee728b)  -> (artifact id: '17e349f3354c8966e825ba06ac0d12a1') in 0.005919 seconds
  Import took 0.007493 seconds .

========================================================================
Received Import Request.
  Time since last request: 4.892785 seconds.
  path: Assets/Prefabs/Items
  artifactKey: Guid(4f6d9143e89e58d4d97b458f2b1b035f) Importer(815301076,1909f56bfc062723c751e8b465ee728b)
Start importing Assets/Prefabs/Items using Guid(4f6d9143e89e58d4d97b458f2b1b035f) Importer(815301076,1909f56bfc062723c751e8b465ee728b)  -> (artifact id: '5814495d1c99f0cb8381ac18a96afdca') in 0.002432 seconds
  Import took 0.004458 seconds .

========================================================================
Received Import Request.
  Time since last request: 18.653500 seconds.
  path: Assets/Audio
  artifactKey: Guid(75e41e40bce7ba24eaee4b4e21af6fc9) Importer(815301076,1909f56bfc062723c751e8b465ee728b)
Start importing Assets/Audio using Guid(75e41e40bce7ba24eaee4b4e21af6fc9) Importer(815301076,1909f56bfc062723c751e8b465ee728b)  -> (artifact id: 'bcd43f810d9b2cee922d3df0a98150b2') in 0.003225 seconds
  Import took 0.004780 seconds .

========================================================================
Received Import Request.
  Time since last request: 10.084297 seconds.
  path: Assets/Scripts
  artifactKey: Guid(bcd45081f37f1de4c80ef67d8a2336fa) Importer(815301076,1909f56bfc062723c751e8b465ee728b)
Start importing Assets/Scripts using Guid(bcd45081f37f1de4c80ef67d8a2336fa) Importer(815301076,1909f56bfc062723c751e8b465ee728b)  -> (artifact id: '6103643d7a77d529a4841ff93e4eae4b') in 0.006047 seconds
  Import took 0.008609 seconds .

========================================================================
Received Import Request.
  Time since last request: 4.076009 seconds.
  path: Assets/Data
  artifactKey: Guid(25c4701285613884e88c66375b3fc994) Importer(815301076,1909f56bfc062723c751e8b465ee728b)
Start importing Assets/Data using Guid(25c4701285613884e88c66375b3fc994) Importer(815301076,1909f56bfc062723c751e8b465ee728b)  -> (artifact id: 'bdb0f7c510312b3cc502cfc211d86cd8') in 0.002458 seconds
  Import took 0.003781 seconds .

AssetImportWorkerClient::OnTransportError - code=2 error=End of file
